This file contains any messages produced by compilers while
running configure, to aid debugging if configure makes a mistake.

It was created by configure, which was
generated by GNU Autoconf 2.57.  Invocation command line was

  $ ./configure --prefix=/usr/local --with-dt --disable-install-dt --disable-install-xmaxy --cache-file=/dev/null --srcdir=.

## --------- ##
## Platform. ##
## --------- ##

hostname = ubuntu-W94-95-97PU
uname -m = x86_64
uname -r = 4.13.0-45-generic
uname -s = Linux
uname -v = #50~16.04.1-Ubuntu SMP Wed May 30 11:18:27 UTC 2018

/usr/bin/uname -p = unknown
/bin/uname -X     = unknown

/bin/arch              = unknown
/usr/bin/arch -k       = unknown
/usr/convex/getsysinfo = unknown
hostinfo               = unknown
/bin/machine           = unknown
/usr/bin/oslevel       = unknown
/bin/universe          = unknown

PATH: /usr/local/sbin
PATH: /usr/local/bin
PATH: /usr/sbin
PATH: /usr/dt/bin
PATH: /usr/bin
PATH: /sbin
PATH: /bin
PATH: /usr/games
PATH: /usr/local/games
PATH: /snap/bin


## ----------- ##
## Core tests. ##
## ----------- ##

configure:1278: checking for a BSD-compatible install
configure:1332: result: /usr/bin/install -c
configure:1343: checking whether build environment is sane
configure:1386: result: yes
configure:1401: checking whether make sets $(MAKE)
configure:1421: result: yes
configure:1453: checking for working aclocal-1.4
configure:1464: result: missing
configure:1468: checking for working autoconf
configure:1479: result: missing
configure:1483: checking for working automake-1.4
configure:1494: result: missing
configure:1498: checking for working autoheader
configure:1509: result: missing
configure:1513: checking for working makeinfo
configure:1524: result: missing
configure:1601: checking for gcc
configure:1617: found /usr/bin/gcc
configure:1627: result: gcc
configure:1871: checking for C compiler version
configure:1874: gcc --version </dev/null >&5
gcc (Ubuntu 5.4.0-6ubuntu1~16.04.9) 5.4.0 20160609
Copyright (C) 2015 Free Software Foundation, Inc.
This is free software; see the source for copying conditions.  There is NO
warranty; not even for MERCHANTABILITY or FITNESS FOR A PARTICULAR PURPOSE.

configure:1877: $? = 0
configure:1879: gcc -v </dev/null >&5
Using built-in specs.
COLLECT_GCC=gcc
COLLECT_LTO_WRAPPER=/usr/lib/gcc/x86_64-linux-gnu/5/lto-wrapper
Target: x86_64-linux-gnu
Configured with: ../src/configure -v --with-pkgversion='Ubuntu 5.4.0-6ubuntu1~16.04.9' --with-bugurl=file:///usr/share/doc/gcc-5/README.Bugs --enable-languages=c,ada,c++,java,go,d,fortran,objc,obj-c++ --prefix=/usr --program-suffix=-5 --enable-shared --enable-linker-build-id --libexecdir=/usr/lib --without-included-gettext --enable-threads=posix --libdir=/usr/lib --enable-nls --with-sysroot=/ --enable-clocale=gnu --enable-libstdcxx-debug --enable-libstdcxx-time=yes --with-default-libstdcxx-abi=new --enable-gnu-unique-object --disable-vtable-verify --enable-libmpx --enable-plugin --with-system-zlib --disable-browser-plugin --enable-java-awt=gtk --enable-gtk-cairo --with-java-home=/usr/lib/jvm/java-1.5.0-gcj-5-amd64/jre --enable-java-home --with-jvm-root-dir=/usr/lib/jvm/java-1.5.0-gcj-5-amd64 --with-jvm-jar-dir=/usr/lib/jvm-exports/java-1.5.0-gcj-5-amd64 --with-arch-directory=amd64 --with-ecj-jar=/usr/share/java/eclipse-ecj.jar --enable-objc-gc --enable-multiarch --disable-werror --with-arch-32=i686 --with-abi=m64 --with-multilib-list=m32,m64,mx32 --enable-multilib --with-tune=generic --enable-checking=release --build=x86_64-linux-gnu --host=x86_64-linux-gnu --target=x86_64-linux-gnu
Thread model: posix
gcc version 5.4.0 20160609 (Ubuntu 5.4.0-6ubuntu1~16.04.9) 
configure:1882: $? = 0
configure:1884: gcc -V </dev/null >&5
gcc: error: unrecognized command line option '-V'
gcc: fatal error: no input files
compilation terminated.
configure:1887: $? = 1
configure:1911: checking for C compiler default output
configure:1914: gcc    conftest.c  >&5
configure:1917: $? = 0
configure:1963: result: a.out
configure:1968: checking whether the C compiler works
configure:1974: ./a.out
configure:1977: $? = 0
configure:1994: result: yes
configure:2001: checking whether we are cross compiling
configure:2003: result: no
configure:2006: checking for suffix of executables
configure:2008: gcc -o conftest    conftest.c  >&5
configure:2011: $? = 0
configure:2036: result: 
configure:2042: checking for suffix of object files
configure:2064: gcc -c   conftest.c >&5
configure:2067: $? = 0
configure:2089: result: o
configure:2093: checking whether we are using the GNU C compiler
configure:2118: gcc -c   conftest.c >&5
configure:2121: $? = 0
configure:2124: test -s conftest.o
configure:2127: $? = 0
configure:2140: result: yes
configure:2146: checking whether gcc accepts -g
configure:2168: gcc -c -g  conftest.c >&5
configure:2171: $? = 0
configure:2174: test -s conftest.o
configure:2177: $? = 0
configure:2188: result: yes
configure:2205: checking for gcc option to accept ANSI C
configure:2266: gcc  -c -g -O2  conftest.c >&5
configure:2269: $? = 0
configure:2272: test -s conftest.o
configure:2275: $? = 0
configure:2293: result: none needed
configure:2311: gcc -c -g -O2  conftest.c >&5
conftest.c:2:3: error: unknown type name 'choke'
   choke me
   ^
conftest.c:2:3: error: expected '=', ',', ';', 'asm' or '__attribute__' at end of input
configure:2314: $? = 1
configure: failed program was:
| #ifndef __cplusplus
|   choke me
| #endif
configure:2427: checking for gcc option to accept ANSI C
configure:2490: gcc  -c -g -O2  conftest.c >&5
configure:2493: $? = 0
configure:2496: test -s conftest.o
configure:2499: $? = 0
configure:2514: result: none needed
configure:2536: checking how to run the C preprocessor
configure:2572: gcc -E  conftest.c
configure:2578: $? = 0
configure:2610: gcc -E  conftest.c
configure:2611:28: fatal error: ac_nonexistent.h: No such file or directory
   (eval $ac_cpp conftest.$ac_ext) 2>conftest.er1
                            ^
compilation terminated.
configure:2616: $? = 1
configure: failed program was:
| #line 2601 "configure"
| /* confdefs.h.  */
| 
| #define PACKAGE_NAME ""
| #define PACKAGE_TARNAME ""
| #define PACKAGE_VERSION ""
| #define PACKAGE_STRING ""
| #define PACKAGE_BUGREPORT ""
| #define PACKAGE "XmAxy"
| #define VERSION "0.0.1"
| /* end confdefs.h.  */
| #include <ac_nonexistent.h>
configure:2654: result: gcc -E
configure:2679: gcc -E  conftest.c
configure:2685: $? = 0
configure:2717: gcc -E  conftest.c
configure:2718:28: fatal error: ac_nonexistent.h: No such file or directory
   (eval $ac_cpp conftest.$ac_ext) 2>conftest.er1
                            ^
compilation terminated.
configure:2723: $? = 1
configure: failed program was:
| #line 2708 "configure"
| /* confdefs.h.  */
| 
| #define PACKAGE_NAME ""
| #define PACKAGE_TARNAME ""
| #define PACKAGE_VERSION ""
| #define PACKAGE_STRING ""
| #define PACKAGE_BUGREPORT ""
| #define PACKAGE "XmAxy"
| #define VERSION "0.0.1"
| /* end confdefs.h.  */
| #include <ac_nonexistent.h>
configure:2777: checking for a BSD-compatible install
configure:2831: result: /usr/bin/install -c
configure:2842: checking whether make sets $(MAKE)
configure:2862: result: yes
configure:2912: checking for ranlib
configure:2928: found /usr/bin/ranlib
configure:2939: result: ranlib
configure:2953: checking for X
configure:3059: gcc -E  conftest.c
configure:3065: $? = 0
configure:3115: gcc -o conftest -g -O2   conftest.c -lXt  >&5
configure:3118: $? = 0
configure:3121: test -s conftest
configure:3124: $? = 0
configure:3173: result: libraries , headers 
configure:3326: gcc -o conftest -g -O2   conftest.c   -lX11 >&5
configure:3329: $? = 0
configure:3332: test -s conftest
configure:3335: $? = 0
configure:3472: checking for gethostbyname
configure:3522: gcc -o conftest -g -O2   conftest.c  >&5
configure:3525: $? = 0
configure:3528: test -s conftest
configure:3531: $? = 0
configure:3542: result: yes
configure:3673: checking for connect
configure:3723: gcc -o conftest -g -O2   conftest.c  >&5
configure:3726: $? = 0
configure:3729: test -s conftest
configure:3732: $? = 0
configure:3743: result: yes
configure:3808: checking for remove
configure:3858: gcc -o conftest -g -O2   conftest.c  >&5
configure:3861: $? = 0
configure:3864: test -s conftest
configure:3867: $? = 0
configure:3878: result: yes
configure:3943: checking for shmat
configure:3993: gcc -o conftest -g -O2   conftest.c  >&5
configure:3996: $? = 0
configure:3999: test -s conftest
configure:4002: $? = 0
configure:4013: result: yes
configure:4087: checking for IceConnectionNumber in -lICE
configure:4118: gcc -o conftest -g -O2   conftest.c -lICE   >&5
configure:4121: $? = 0
configure:4124: test -s conftest
configure:4127: $? = 0
configure:4139: result: yes
configure:4156: checking whether libXt was compiled with -DXTHREADS
configure:4184: gcc -o conftest -g -O2 -I -L conftest.c -lXt -lSM -lICE -lX11 >&5
configure: In function 'main':
configure:4181:1: warning: implicit declaration of function '_XtProcessLock' [-Wimplicit-function-declaration]
 }
 ^
configure:4187: $? = 0
configure:4190: test -s conftest
configure:4193: $? = 0
configure:4205: result: yes
configure:4219: checking for Motif
configure:4279: gcc -o conftest  -g -O2    conftest.c -lXm  -lXt  -lSM -lICE -lX11   >&5
configure:4282: $? = 0
configure:4285: test -s conftest
configure:4288: $? = 0
configure:4436: result: libraries , headers 
configure:4451: checking for XPM
configure:4511: gcc -o conftest  -g -O2    conftest.c -lXpm  -lXt  -lSM -lICE -lX11   >&5
configure:4514: $? = 0
configure:4517: test -s conftest
configure:4520: $? = 0
configure:4656: result: libraries , headers 
configure:4828: creating ./config.status

## ---------------------- ##
## Running config.status. ##
## ---------------------- ##

This file was extended by config.status, which was
generated by GNU Autoconf 2.57.  Invocation command line was

  CONFIG_FILES    = 
  CONFIG_HEADERS  = 
  CONFIG_LINKS    = 
  CONFIG_COMMANDS = 
  $ ./config.status 

on ubuntu-W94-95-97PU

config.status:633: creating doc/Makefile
config.status:633: creating XmAxy/Makefile
config.status:633: creating Makefile

## ---------------- ##
## Cache variables. ##
## ---------------- ##

ac_cv_c_compiler_gnu=yes
ac_cv_env_CC_set=
ac_cv_env_CC_value=
ac_cv_env_CFLAGS_set=
ac_cv_env_CFLAGS_value=
ac_cv_env_CPPFLAGS_set=
ac_cv_env_CPPFLAGS_value=
ac_cv_env_CPP_set=
ac_cv_env_CPP_value=
ac_cv_env_LDFLAGS_set=
ac_cv_env_LDFLAGS_value=
ac_cv_env_build_alias_set=
ac_cv_env_build_alias_value=
ac_cv_env_host_alias_set=
ac_cv_env_host_alias_value=
ac_cv_env_target_alias_set=
ac_cv_env_target_alias_value=
ac_cv_exeext=
ac_cv_func_connect=yes
ac_cv_func_gethostbyname=yes
ac_cv_func_remove=yes
ac_cv_func_shmat=yes
ac_cv_have_x='have_x=yes 		ac_x_includes= ac_x_libraries='
ac_cv_lib_ICE_IceConnectionNumber=yes
ac_cv_objext=o
ac_cv_path_install='/usr/bin/install -c'
ac_cv_path_motif='no_motif= ac_motif_includes= ac_motif_libraries='
ac_cv_path_xpm='no_xpm= ac_xpm_includes= ac_xpm_libraries='
ac_cv_prog_CPP='gcc -E'
ac_cv_prog_ac_ct_CC=gcc
ac_cv_prog_ac_ct_RANLIB=ranlib
ac_cv_prog_cc_g=yes
ac_cv_prog_cc_stdc=
ac_cv_prog_make_make_set=yes
am_cv_prog_cc_stdc=
axy_cv_xthreads=yes

## ----------------- ##
## Output variables. ##
## ----------------- ##

ACLOCAL='/home/edmond/software/axyftp-0.5.1/xmaxy/missing aclocal-1.4'
AUTOCONF='/home/edmond/software/axyftp-0.5.1/xmaxy/missing autoconf'
AUTOHEADER='/home/edmond/software/axyftp-0.5.1/xmaxy/missing autoheader'
AUTOMAKE='/home/edmond/software/axyftp-0.5.1/xmaxy/missing automake-1.4'
AXY_DIRINC=''
AXY_H='$(EXTRA_HEADRES)'
AXY_L='$(EXTRA_LIBRARIES)'
CC='gcc'
CFLAGS='-g -O2'
CPP='gcc -E'
CPPFLAGS=''
DEFS='-DPACKAGE_NAME=\"\" -DPACKAGE_TARNAME=\"\" -DPACKAGE_VERSION=\"\" -DPACKAGE_STRING=\"\" -DPACKAGE_BUGREPORT=\"\" -DPACKAGE=\"XmAxy\" -DVERSION=\"0.0.1\" -DXTHREADS=1 '
DEMO_PROG='demo'
ECHO_C=''
ECHO_N='-n'
ECHO_T=''
EXEEXT=''
INSTALL_AXY_H=''
INSTALL_AXY_L=''
INSTALL_DATA='${INSTALL} -m 644'
INSTALL_PROGRAM='${INSTALL}'
INSTALL_SCRIPT='${INSTALL}'
LDFLAGS=''
LIBOBJS=''
LIBS=''
LTLIBOBJS=''
MAKEINFO='/home/edmond/software/axyftp-0.5.1/xmaxy/missing makeinfo'
MOTIF_CFLAGS=''
MOTIF_LIBS='-lXm'
OBJEXT='o'
PACKAGE='XmAxy'
PACKAGE_BUGREPORT=''
PACKAGE_NAME=''
PACKAGE_STRING=''
PACKAGE_TARNAME=''
PACKAGE_VERSION=''
PATH_SEPARATOR=':'
RANLIB='ranlib'
SET_MAKE=''
SHELL='/bin/bash'
VERSION='0.0.1'
XPM_CFLAGS=''
XPM_LIBS='-lXpm'
X_CFLAGS=''
X_EXTRA_LIBS=''
X_LIBS=''
X_PRE_LIBS=' -lSM -lICE'
ac_ct_CC='gcc'
ac_ct_RANLIB='ranlib'
axy_doc=''
bindir='${exec_prefix}/bin'
build_alias=''
datadir='${prefix}/share'
exec_prefix='${prefix}'
host_alias=''
includedir='${prefix}/include'
infodir='${prefix}/info'
libdir='${exec_prefix}/lib'
libexecdir='${exec_prefix}/libexec'
localstatedir='${prefix}/var'
mandir='${prefix}/man'
oldincludedir='/usr/include'
prefix='/usr/local'
program_transform_name='s,x,x,'
sbindir='${exec_prefix}/sbin'
sharedstatedir='${prefix}/com'
sysconfdir='${prefix}/etc'
target_alias=''

## ----------- ##
## confdefs.h. ##
## ----------- ##

#define PACKAGE "XmAxy"
#define PACKAGE_BUGREPORT ""
#define PACKAGE_NAME ""
#define PACKAGE_STRING ""
#define PACKAGE_TARNAME ""
#define PACKAGE_VERSION ""
#define VERSION "0.0.1"
#define XTHREADS 1

configure: exit 0
