This file contains any messages produced by compilers while
running configure, to aid debugging if configure makes a mistake.

It was created by configure, which was
generated by GNU Autoconf 2.57.  Invocation command line was

  $ ./configure --with-dt

## --------- ##
## Platform. ##
## --------- ##

hostname = ubuntu-W94-95-97PU
uname -m = x86_64
uname -r = 4.13.0-45-generic
uname -s = Linux
uname -v = #50~16.04.1-Ubuntu SMP Wed May 30 11:18:27 UTC 2018

/usr/bin/uname -p = unknown
/bin/uname -X     = unknown

/bin/arch              = unknown
/usr/bin/arch -k       = unknown
/usr/convex/getsysinfo = unknown
hostinfo               = unknown
/bin/machine           = unknown
/usr/bin/oslevel       = unknown
/bin/universe          = unknown

PATH: /usr/local/sbin
PATH: /usr/local/bin
PATH: /usr/sbin
PATH: /usr/dt/bin
PATH: /usr/bin
PATH: /sbin
PATH: /bin
PATH: /usr/games
PATH: /usr/local/games
PATH: /snap/bin


## ----------- ##
## Core tests. ##
## ----------- ##

configure:1291: checking for a BSD-compatible install
configure:1345: result: /usr/bin/install -c
configure:1356: checking whether build environment is sane
configure:1399: result: yes
configure:1414: checking whether make sets $(MAKE)
configure:1434: result: yes
configure:1466: checking for working aclocal-1.4
configure:1477: result: missing
configure:1481: checking for working autoconf
configure:1492: result: missing
configure:1496: checking for working automake-1.4
configure:1507: result: missing
configure:1511: checking for working autoheader
configure:1522: result: missing
configure:1526: checking for working makeinfo
configure:1537: result: missing
configure:1614: checking for gcc
configure:1630: found /usr/bin/gcc
configure:1640: result: gcc
configure:1884: checking for C compiler version
configure:1887: gcc --version </dev/null >&5
gcc (Ubuntu 5.4.0-6ubuntu1~16.04.9) 5.4.0 20160609
Copyright (C) 2015 Free Software Foundation, Inc.
This is free software; see the source for copying conditions.  There is NO
warranty; not even for MERCHANTABILITY or FITNESS FOR A PARTICULAR PURPOSE.

configure:1890: $? = 0
configure:1892: gcc -v </dev/null >&5
Using built-in specs.
COLLECT_GCC=gcc
COLLECT_LTO_WRAPPER=/usr/lib/gcc/x86_64-linux-gnu/5/lto-wrapper
Target: x86_64-linux-gnu
Configured with: ../src/configure -v --with-pkgversion='Ubuntu 5.4.0-6ubuntu1~16.04.9' --with-bugurl=file:///usr/share/doc/gcc-5/README.Bugs --enable-languages=c,ada,c++,java,go,d,fortran,objc,obj-c++ --prefix=/usr --program-suffix=-5 --enable-shared --enable-linker-build-id --libexecdir=/usr/lib --without-included-gettext --enable-threads=posix --libdir=/usr/lib --enable-nls --with-sysroot=/ --enable-clocale=gnu --enable-libstdcxx-debug --enable-libstdcxx-time=yes --with-default-libstdcxx-abi=new --enable-gnu-unique-object --disable-vtable-verify --enable-libmpx --enable-plugin --with-system-zlib --disable-browser-plugin --enable-java-awt=gtk --enable-gtk-cairo --with-java-home=/usr/lib/jvm/java-1.5.0-gcj-5-amd64/jre --enable-java-home --with-jvm-root-dir=/usr/lib/jvm/java-1.5.0-gcj-5-amd64 --with-jvm-jar-dir=/usr/lib/jvm-exports/java-1.5.0-gcj-5-amd64 --with-arch-directory=amd64 --with-ecj-jar=/usr/share/java/eclipse-ecj.jar --enable-objc-gc --enable-multiarch --disable-werror --with-arch-32=i686 --with-abi=m64 --with-multilib-list=m32,m64,mx32 --enable-multilib --with-tune=generic --enable-checking=release --build=x86_64-linux-gnu --host=x86_64-linux-gnu --target=x86_64-linux-gnu
Thread model: posix
gcc version 5.4.0 20160609 (Ubuntu 5.4.0-6ubuntu1~16.04.9) 
configure:1895: $? = 0
configure:1897: gcc -V </dev/null >&5
gcc: error: unrecognized command line option '-V'
gcc: fatal error: no input files
compilation terminated.
configure:1900: $? = 1
configure:1924: checking for C compiler default output
configure:1927: gcc    conftest.c  >&5
configure:1930: $? = 0
configure:1976: result: a.out
configure:1981: checking whether the C compiler works
configure:1987: ./a.out
configure:1990: $? = 0
configure:2007: result: yes
configure:2014: checking whether we are cross compiling
configure:2016: result: no
configure:2019: checking for suffix of executables
configure:2021: gcc -o conftest    conftest.c  >&5
configure:2024: $? = 0
configure:2049: result: 
configure:2055: checking for suffix of object files
configure:2077: gcc -c   conftest.c >&5
configure:2080: $? = 0
configure:2102: result: o
configure:2106: checking whether we are using the GNU C compiler
configure:2131: gcc -c   conftest.c >&5
configure:2134: $? = 0
configure:2137: test -s conftest.o
configure:2140: $? = 0
configure:2153: result: yes
configure:2159: checking whether gcc accepts -g
configure:2181: gcc -c -g  conftest.c >&5
configure:2184: $? = 0
configure:2187: test -s conftest.o
configure:2190: $? = 0
configure:2201: result: yes
configure:2218: checking for gcc option to accept ANSI C
configure:2279: gcc  -c -g -O2  conftest.c >&5
configure:2282: $? = 0
configure:2285: test -s conftest.o
configure:2288: $? = 0
configure:2306: result: none needed
configure:2324: gcc -c -g -O2  conftest.c >&5
conftest.c:2:3: error: unknown type name 'choke'
   choke me
   ^
conftest.c:2:3: error: expected '=', ',', ';', 'asm' or '__attribute__' at end of input
configure:2327: $? = 1
configure: failed program was:
| #ifndef __cplusplus
|   choke me
| #endif
configure:2440: checking for gcc option to accept ANSI C
configure:2503: gcc  -c -g -O2  conftest.c >&5
configure:2506: $? = 0
configure:2509: test -s conftest.o
configure:2512: $? = 0
configure:2527: result: none needed
configure:2549: checking how to run the C preprocessor
configure:2585: gcc -E  conftest.c
configure:2591: $? = 0
configure:2623: gcc -E  conftest.c
configure:2624:28: fatal error: ac_nonexistent.h: No such file or directory
   (eval $ac_cpp conftest.$ac_ext) 2>conftest.er1
                            ^
compilation terminated.
configure:2629: $? = 1
configure: failed program was:
| #line 2614 "configure"
| /* confdefs.h.  */
| 
| #define PACKAGE_NAME ""
| #define PACKAGE_TARNAME ""
| #define PACKAGE_VERSION ""
| #define PACKAGE_STRING ""
| #define PACKAGE_BUGREPORT ""
| #define PACKAGE "axyftp"
| #define VERSION "0.5.1"
| /* end confdefs.h.  */
| #include <ac_nonexistent.h>
configure:2667: result: gcc -E
configure:2692: gcc -E  conftest.c
configure:2698: $? = 0
configure:2730: gcc -E  conftest.c
configure:2731:28: fatal error: ac_nonexistent.h: No such file or directory
   (eval $ac_cpp conftest.$ac_ext) 2>conftest.er1
                            ^
compilation terminated.
configure:2736: $? = 1
configure: failed program was:
| #line 2721 "configure"
| /* confdefs.h.  */
| 
| #define PACKAGE_NAME ""
| #define PACKAGE_TARNAME ""
| #define PACKAGE_VERSION ""
| #define PACKAGE_STRING ""
| #define PACKAGE_BUGREPORT ""
| #define PACKAGE "axyftp"
| #define VERSION "0.5.1"
| /* end confdefs.h.  */
| #include <ac_nonexistent.h>
configure:2790: checking for a BSD-compatible install
configure:2844: result: /usr/bin/install -c
configure:2855: checking whether make sets $(MAKE)
configure:2875: result: yes
configure:2901: checking for X
configure:3007: gcc -E  conftest.c
configure:3013: $? = 0
configure:3063: gcc -o conftest -g -O2   conftest.c -lXt  >&5
configure:3066: $? = 0
configure:3069: test -s conftest
configure:3072: $? = 0
configure:3121: result: libraries , headers 
configure:3274: gcc -o conftest -g -O2   conftest.c   -lX11 >&5
configure:3277: $? = 0
configure:3280: test -s conftest
configure:3283: $? = 0
configure:3420: checking for gethostbyname
configure:3470: gcc -o conftest -g -O2   conftest.c  >&5
configure:3473: $? = 0
configure:3476: test -s conftest
configure:3479: $? = 0
configure:3490: result: yes
configure:3621: checking for connect
configure:3671: gcc -o conftest -g -O2   conftest.c  >&5
configure:3674: $? = 0
configure:3677: test -s conftest
configure:3680: $? = 0
configure:3691: result: yes
configure:3756: checking for remove
configure:3806: gcc -o conftest -g -O2   conftest.c  >&5
configure:3809: $? = 0
configure:3812: test -s conftest
configure:3815: $? = 0
configure:3826: result: yes
configure:3891: checking for shmat
configure:3941: gcc -o conftest -g -O2   conftest.c  >&5
configure:3944: $? = 0
configure:3947: test -s conftest
configure:3950: $? = 0
configure:3961: result: yes
configure:4035: checking for IceConnectionNumber in -lICE
configure:4066: gcc -o conftest -g -O2   conftest.c -lICE   >&5
configure:4069: $? = 0
configure:4072: test -s conftest
configure:4075: $? = 0
configure:4087: result: yes
configure:4098: checking for Motif
configure:4158: gcc -o conftest  -g -O2    conftest.c -lXm  -lXt  -lSM -lICE -lX11   >&5
configure:4161: $? = 0
configure:4164: test -s conftest
configure:4167: $? = 0
configure:4315: result: libraries , headers 
configure:4323: checking for XPM
configure:4383: gcc -o conftest  -g -O2    conftest.c -lXpm  -lXt  -lSM -lICE -lX11   >&5
configure:4386: $? = 0
configure:4389: test -s conftest
configure:4392: $? = 0
configure:4528: result: libraries , headers 
configure:5186: checking for Dt
configure:5258: gcc -o conftest   -g -O2     conftest.c -lDtWidget -lXm  -lXt  -lSM -lICE -lX11   >&5
configure:5251:25: fatal error: Dt/ComboBox.h: No such file or directory
compilation terminated.
configure:5261: $? = 1
configure: failed program was:
| #line 5241 "configure"
| /* confdefs.h.  */
| 
| #define PACKAGE_NAME ""
| #define PACKAGE_TARNAME ""
| #define PACKAGE_VERSION ""
| #define PACKAGE_STRING ""
| #define PACKAGE_BUGREPORT ""
| #define PACKAGE "axyftp"
| #define VERSION "0.5.1"
| /* end confdefs.h.  */
| #include <Dt/ComboBox.h>
| int
| main ()
| {
| Widget w; DtCreateComboBox(w, "", NULL, 0);
|   ;
|   return 0;
| }
configure:5295: gcc -o conftest   -g -O2     conftest.c -lDtWidget -lDtSvc -ltt -lXm  -lXt  -lSM -lICE -lX11  -lDtWidget -lXm  -lXt  -lSM -lICE -lX11   >&5
configure:5288:25: fatal error: Dt/ComboBox.h: No such file or directory
compilation terminated.
configure:5298: $? = 1
configure: failed program was:
| #line 5278 "configure"
| /* confdefs.h.  */
| 
| #define PACKAGE_NAME ""
| #define PACKAGE_TARNAME ""
| #define PACKAGE_VERSION ""
| #define PACKAGE_STRING ""
| #define PACKAGE_BUGREPORT ""
| #define PACKAGE "axyftp"
| #define VERSION "0.5.1"
| /* end confdefs.h.  */
| #include <Dt/ComboBox.h>
| int
| main ()
| {
| Widget w; DtCreateComboBox(w, "", NULL, 0);
|   ;
|   return 0;
| }
configure:5333: gcc -o conftest   -g -O2     conftest.c -lDtWidget -lDtSvc -ltt -lgen -lXm  -lXt  -lSM -lICE -lX11  -lDtWidget -lDtSvc -ltt -lXm  -lXt  -lSM -lICE -lX11  -lDtWidget -lXm  -lXt  -lSM -lICE -lX11   >&5
configure:5326:25: fatal error: Dt/ComboBox.h: No such file or directory
compilation terminated.
configure:5336: $? = 1
configure: failed program was:
| #line 5316 "configure"
| /* confdefs.h.  */
| 
| #define PACKAGE_NAME ""
| #define PACKAGE_TARNAME ""
| #define PACKAGE_VERSION ""
| #define PACKAGE_STRING ""
| #define PACKAGE_BUGREPORT ""
| #define PACKAGE "axyftp"
| #define VERSION "0.5.1"
| /* end confdefs.h.  */
| #include <Dt/ComboBox.h>
| int
| main ()
| {
| Widget w; DtCreateComboBox(w, "", NULL, 0);
|   ;
|   return 0;
| }
configure:5509: gcc -o conftest -I/usr/dt/include   -g -O2 -I/usr/dt/include     conftest.c -L/usr/dt/lib -lDtWidget -lXm  -lXt  -lSM -lICE -lX11   >&5
/usr/dt/lib/libDtWidget.so: undefined reference to `Xestrcpy'
/usr/dt/lib/libDtWidget.so: undefined reference to `Xestrlen'
/usr/dt/lib/libDtWidget.so: undefined reference to `Xestrcmp'
/usr/dt/lib/libDtWidget.so: undefined reference to `DtDndDropUnregister'
/usr/dt/lib/libDtWidget.so: undefined reference to `_DtTurnOnHourGlass'
/usr/dt/lib/libDtWidget.so: undefined reference to `_DtOkString'
/usr/dt/lib/libDtWidget.so: undefined reference to `DtDndDropRegister'
/usr/dt/lib/libDtWidget.so: undefined reference to `_DtGetMask'
/usr/dt/lib/libDtWidget.so: undefined reference to `_DtTurnOffHourGlass'
/usr/dt/lib/libDtWidget.so: undefined reference to `Xestrdup'
collect2: error: ld returned 1 exit status
configure:5512: $? = 1
configure: failed program was:
| #line 5492 "configure"
| /* confdefs.h.  */
| 
| #define PACKAGE_NAME ""
| #define PACKAGE_TARNAME ""
| #define PACKAGE_VERSION ""
| #define PACKAGE_STRING ""
| #define PACKAGE_BUGREPORT ""
| #define PACKAGE "axyftp"
| #define VERSION "0.5.1"
| /* end confdefs.h.  */
| #include <Dt/ComboBox.h>
| int
| main ()
| {
| Widget w; DtCreateComboBox(w, "", NULL, 0);
|   ;
|   return 0;
| }
configure:5547: gcc -o conftest -I/usr/dt/include   -g -O2 -I/usr/dt/include     conftest.c -L/usr/dt/lib -lDtWidget -lDtSvc -ltt -lXm  -lXt  -lSM -lICE -lX11  -L/usr/dt/lib -lDtWidget -lXm  -lXt  -lSM -lICE -lX11   >&5
configure:5550: $? = 0
configure:5553: test -s conftest
configure:5556: $? = 0
configure:5616: result: libraries /usr/dt/lib, headers /usr/dt/include
configure:5634: checking for XmAxy
configure:5706: gcc -o conftest   -g -O2     conftest.c -lXmAxy -lXm  -lXt  -lSM -lICE -lX11   >&5
configure:5699:28: fatal error: XmAxy/Notebook.h: No such file or directory
compilation terminated.
configure:5709: $? = 1
configure: failed program was:
| #line 5689 "configure"
| /* confdefs.h.  */
| 
| #define PACKAGE_NAME ""
| #define PACKAGE_TARNAME ""
| #define PACKAGE_VERSION ""
| #define PACKAGE_STRING ""
| #define PACKAGE_BUGREPORT ""
| #define PACKAGE "axyftp"
| #define VERSION "0.5.1"
| /* end confdefs.h.  */
| #include <XmAxy/Notebook.h>
| int
| main ()
| {
| Widget w; XmAxyCreateNotebook(w, "", NULL, 0);
|   ;
|   return 0;
| }
configure:5848: result: no
configure:6060: creating ./config.status

## ---------------------- ##
## Running config.status. ##
## ---------------------- ##

This file was extended by config.status, which was
generated by GNU Autoconf 2.57.  Invocation command line was

  CONFIG_FILES    = 
  CONFIG_HEADERS  = 
  CONFIG_LINKS    = 
  CONFIG_COMMANDS = 
  $ ./config.status 

on ubuntu-W94-95-97PU

config.status:641: creating src/Makefile
config.status:641: creating icons/Makefile
config.status:641: creating xpms/Makefile
config.status:641: creating doc/Makefile
config.status:641: creating macro/Makefile
config.status:641: creating doc/help/Makefile
config.status:641: creating Makefile
configure:6897: configuring in xmaxy
configure:6981: running /bin/bash './configure' --prefix=/usr/local  '--with-dt' --disable-install-dt --disable-install-xmaxy --cache-file=/dev/null --srcdir=.

## ---------------- ##
## Cache variables. ##
## ---------------- ##

ac_cv_c_compiler_gnu=yes
ac_cv_env_CC_set=
ac_cv_env_CC_value=
ac_cv_env_CFLAGS_set=
ac_cv_env_CFLAGS_value=
ac_cv_env_CPPFLAGS_set=
ac_cv_env_CPPFLAGS_value=
ac_cv_env_CPP_set=
ac_cv_env_CPP_value=
ac_cv_env_LDFLAGS_set=
ac_cv_env_LDFLAGS_value=
ac_cv_env_build_alias_set=
ac_cv_env_build_alias_value=
ac_cv_env_host_alias_set=
ac_cv_env_host_alias_value=
ac_cv_env_target_alias_set=
ac_cv_env_target_alias_value=
ac_cv_exeext=
ac_cv_func_connect=yes
ac_cv_func_gethostbyname=yes
ac_cv_func_remove=yes
ac_cv_func_shmat=yes
ac_cv_have_x='have_x=yes 		ac_x_includes= ac_x_libraries='
ac_cv_lib_ICE_IceConnectionNumber=yes
ac_cv_objext=o
ac_cv_path_dt='no_dt= ac_dt_includes=/usr/dt/include ac_dt_libraries=/usr/dt/lib'
ac_cv_path_install='/usr/bin/install -c'
ac_cv_path_motif='no_motif= ac_motif_includes= ac_motif_libraries='
ac_cv_path_xmaxy=no_xmaxy=yes
ac_cv_path_xpm='no_xpm= ac_xpm_includes= ac_xpm_libraries='
ac_cv_prog_CPP='gcc -E'
ac_cv_prog_ac_ct_CC=gcc
ac_cv_prog_cc_g=yes
ac_cv_prog_cc_stdc=
ac_cv_prog_make_make_set=yes
am_cv_prog_cc_stdc=

## ----------------- ##
## Output variables. ##
## ----------------- ##

ACLOCAL='/home/edmond/software/axyftp-0.5.1/missing aclocal-1.4'
AUTOCONF='/home/edmond/software/axyftp-0.5.1/missing autoconf'
AUTOHEADER='/home/edmond/software/axyftp-0.5.1/missing autoheader'
AUTOMAKE='/home/edmond/software/axyftp-0.5.1/missing automake-1.4'
AXYFTP_DEPS=' $(top_builddir)/xmaxy/XmAxy/libXmAxy.a'
AXYFTP_GUI='BUILD_MOTIF'
AXYFTP_INCLUDES='$(XMAXY_CFLAGS) $(DT_CFLAGS) $(MOTIF_CFLAGS)                     $(XPM_CFLAGS)'
AXYFTP_LIBS='$(XMAXY_LIBS) $(DT_LIBS) $(MOTIF_LIBS)                 -lXt  -lSM -lICE -lX11  $(XPM_LIBS)'
CC='gcc'
CFLAGS='-g -O2'
CPP='gcc -E'
CPPFLAGS=''
DEFS='-DPACKAGE_NAME=\"\" -DPACKAGE_TARNAME=\"\" -DPACKAGE_VERSION=\"\" -DPACKAGE_STRING=\"\" -DPACKAGE_BUGREPORT=\"\" -DPACKAGE=\"axyftp\" -DVERSION=\"0.5.1\" '
DT_CFLAGS='-I/usr/dt/include'
DT_LIBS='-L/usr/dt/lib -lDtWidget -lDtSvc -ltt'
ECHO_C=''
ECHO_N='-n'
ECHO_T=''
EXEEXT=''
GTK_CFLAGS=''
GTK_CONFIG=''
GTK_LIBS=''
INSTALL_DATA='${INSTALL} -m 644'
INSTALL_PROGRAM='${INSTALL}'
INSTALL_SCRIPT='${INSTALL}'
LDFLAGS=''
LIBOBJS=''
LIBS=''
LTLIBOBJS=''
MAKEINFO='/home/edmond/software/axyftp-0.5.1/missing makeinfo'
MOTIF_CFLAGS=''
MOTIF_LIBS='-lXm'
OBJEXT='o'
PACKAGE='axyftp'
PACKAGE_BUGREPORT=''
PACKAGE_NAME=''
PACKAGE_STRING=''
PACKAGE_TARNAME=''
PACKAGE_VERSION=''
PATH_SEPARATOR=':'
SET_MAKE=''
SHELL='/bin/bash'
VERSION='0.5.1'
XMAXY_CFLAGS='-I$(top_srcdir)/xmaxy'
XMAXY_LIBS='$(top_builddir)/xmaxy/XmAxy/libXmAxy.a'
XPM_CFLAGS=''
XPM_LIBS='-lXpm'
X_CFLAGS=''
X_EXTRA_LIBS=''
X_LIBS=''
X_PRE_LIBS=' -lSM -lICE'
ac_ct_CC='gcc'
bindir='${exec_prefix}/bin'
build_alias=''
datadir='${prefix}/share'
exec_prefix='${prefix}'
helpdir='${prefix}/share/axyftp/help'
host_alias=''
includedir='${prefix}/include'
infodir='${prefix}/info'
libdir='${exec_prefix}/lib'
libexecdir='${exec_prefix}/libexec'
localstatedir='${prefix}/var'
mandir='${prefix}/man'
oldincludedir='/usr/include'
prefix='/usr/local'
program_transform_name='s,x,x,'
sbindir='${exec_prefix}/sbin'
sharedstatedir='${prefix}/com'
subdirs='  xmaxy'
sysconfdir='${prefix}/etc'
target_alias=''

## ----------- ##
## confdefs.h. ##
## ----------- ##

#define PACKAGE "axyftp"
#define PACKAGE_BUGREPORT ""
#define PACKAGE_NAME ""
#define PACKAGE_STRING ""
#define PACKAGE_TARNAME ""
#define PACKAGE_VERSION ""
#define VERSION "0.5.1"

configure: exit 0
